#
# There is insufficient memory for the Java Runtime Environment to continue.
# Native memory allocation (mmap) failed to map 268435456 bytes for Failed to commit area from 0x00000006c0a00000 to 0x00000006d0a00000 of length 268435456.
# Possible reasons:
#   The system is out of physical RAM or swap space
#   The process is running with CompressedOops enabled, and the Java Heap may be blocking the growth of the native heap
# Possible solutions:
#   Reduce memory load on the system
#   Increase physical memory or swap space
#   Check if swap backing store is full
#   Decrease Java heap size (-Xmx/-Xms)
#   Decrease number of Java threads
#   Decrease Java thread stack sizes (-Xss)
#   Set larger code cache with -XX:ReservedCodeCacheSize=
# This output file may be truncated or incomplete.
#
#  Out of Memory Error (c:/re/jdk9/6725/hotspot/src/os/windows/vm/os_windows.cpp:3357), pid=4212, tid=15424
#
# JRE version:  (9.0+181) (build )
# Java VM: OpenJDK 64-Bit Server VM (9+181, mixed mode, tiered, compressed oops, g1 gc, windows-amd64)
# No core dump will be written. Minidumps are not enabled by default on client versions of Windows
#

---------------  S U M M A R Y ------------

Command Line: -Dfile.encoding=Cp1252 main.gameclasses.GameCore

Host: Intel(R) Core(TM) i3-7100 CPU @ 3.90GHz, 4 cores, 15G,  Windows 10 , 64 bit Build 18362 (10.0.18362.86)
Time: Wed Aug 07 12:39:08 2019 Mountain Daylight Time elapsed time: 0 seconds (0d 0h 0m 0s)

---------------  T H R E A D  ---------------

Current thread (0x0000029e2c630000):  JavaThread "Unknown thread" [_thread_in_vm, id=15424, stack(0x000000ff48c00000,0x000000ff48d00000)]

Stack: [0x000000ff48c00000,0x000000ff48d00000]
Native frames: (J=compiled Java code, j=interpreted, Vv=VM code, C=native code)
V  [jvm.dll+0x540748]
V  [jvm.dll+0x6501ee]
V  [jvm.dll+0x6510fa]
V  [jvm.dll+0x651723]
V  [jvm.dll+0x216428]
V  [jvm.dll+0x53e294]
V  [jvm.dll+0x535775]
V  [jvm.dll+0x2bea9b]
V  [jvm.dll+0x2bea03]
V  [jvm.dll+0x2be8d2]
V  [jvm.dll+0x2c06b3]
V  [jvm.dll+0x304463]
V  [jvm.dll+0x304b76]
V  [jvm.dll+0x304563]
V  [jvm.dll+0x29efd8]
V  [jvm.dll+0x2a02a7]
V  [jvm.dll+0x62f62d]
V  [jvm.dll+0x6309ec]
V  [jvm.dll+0x311a69]
V  [jvm.dll+0x61937e]
V  [jvm.dll+0x351331]
V  [jvm.dll+0x3530e1]
C  [javaw.exe+0x3501]
C  [javaw.exe+0xde0f]
C  [javaw.exe+0xdfb6]
C  [KERNEL32.DLL+0x17bd4]
C  [ntdll.dll+0x6ce71]


---------------  P R O C E S S  ---------------

Java Threads: ( => current thread )

Other Threads:
  0x0000029e2c645000 GCTaskThread "GC Thread#0" [stack: 0x000000ff48d00000,0x000000ff48e00000] [id=13108]
  0x0000029e2c646800 GCTaskThread "GC Thread#1" [stack: 0x000000ff48e00000,0x000000ff48f00000] [id=13564]
  0x0000029e2c649800 GCTaskThread "GC Thread#2" [stack: 0x000000ff48f00000,0x000000ff49000000] [id=10268]
  0x0000029e2c64f800 GCTaskThread "GC Thread#3" [stack: 0x000000ff49000000,0x000000ff49100000] [id=15008]
  0x0000029e2c69f800 ConcurrentGCThread "G1 Main Marker" [stack: 0x000000ff49600000,0x000000ff49700000] [id=12532]
  0x0000029e2c6aa800 ConcurrentGCThread "G1 Marker#0" [stack: 0x000000ff49700000,0x000000ff49800000] [id=11476]
  0x0000029e2c658800 ConcurrentGCThread "G1 Refine#0" [stack: 0x000000ff49400000,0x000000ff49500000] [id=15116]
  0x0000029e2c657000 ConcurrentGCThread "G1 Refine#1" [stack: 0x000000ff49300000,0x000000ff49400000] [id=2912]
  0x0000029e2c655800 ConcurrentGCThread "G1 Refine#2" [stack: 0x000000ff49200000,0x000000ff49300000] [id=16304]
  0x0000029e2c651800 ConcurrentGCThread "G1 Refine#3" [stack: 0x000000ff49100000,0x000000ff49200000] [id=3428]
  0x0000029e2c65a000 ConcurrentGCThread "G1 Young RemSet Sampling" [stack: 0x000000ff49500000,0x000000ff49600000] [id=16252]

=>0x0000029e2c630000 (exited) JavaThread "Unknown thread" [_thread_in_vm, id=15424, stack(0x000000ff48c00000,0x000000ff48d00000)]

Threads with active compile tasks:

VM state:not at safepoint (not fully initialized)

VM Mutex/Monitor currently owned by a thread:  ([mutex/lock_event])
[0x0000029e2c62c700] Heap_lock - owner thread: 0x0000029e2c630000

Heap address: 0x00000006c0a00000, size: 4086 MB, Compressed Oops mode: Non-zero based: 0x00000006c0a00000
Narrow klass base: 0x0000000000000000, Narrow klass shift: 0

GC Heap History (0 events):
No events

Deoptimization events (0 events):
No events

Classes redefined (0 events):
No events

Internal exceptions (0 events):
No events

Events (0 events):
No events


Dynamic libraries:
0x00007ff612e50000 - 0x00007ff612e8d000 	C:\Program Files\Java\jdk-9\bin\javaw.exe
0x00007ffb5ef60000 - 0x00007ffb5f150000 	C:\WINDOWS\SYSTEM32\ntdll.dll
0x00007ffb5d810000 - 0x00007ffb5d8c2000 	C:\WINDOWS\System32\KERNEL32.DLL
0x00007ffb5c840000 - 0x00007ffb5cae3000 	C:\WINDOWS\System32\KERNELBASE.dll
0x00007ffb5d470000 - 0x00007ffb5d603000 	C:\WINDOWS\System32\USER32.dll
0x00007ffb5cfe0000 - 0x00007ffb5d001000 	C:\WINDOWS\System32\win32u.dll
0x00007ffb5d9c0000 - 0x00007ffb5d9e6000 	C:\WINDOWS\System32\GDI32.dll
0x00007ffb5ccf0000 - 0x00007ffb5ce84000 	C:\WINDOWS\System32\gdi32full.dll
0x00007ffb5ce90000 - 0x00007ffb5cf2e000 	C:\WINDOWS\System32\msvcp_win.dll
0x00007ffb5c740000 - 0x00007ffb5c83a000 	C:\WINDOWS\System32\ucrtbase.dll
0x00007ffb4a160000 - 0x00007ffb4a3e5000 	C:\WINDOWS\WinSxS\amd64_microsoft.windows.common-controls_6595b64144ccf1df_6.0.18362.267_none_e6c5adbd130e444d\COMCTL32.dll
0x00007ffb5d6b0000 - 0x00007ffb5d74e000 	C:\WINDOWS\System32\msvcrt.dll
0x00007ffb5dd50000 - 0x00007ffb5e086000 	C:\WINDOWS\System32\combase.dll
0x00007ffb5d0e0000 - 0x00007ffb5d200000 	C:\WINDOWS\System32\RPCRT4.dll
0x00007ffb5bef0000 - 0x00007ffb5bf70000 	C:\WINDOWS\System32\bcryptPrimitives.dll
0x00007ffb5d280000 - 0x00007ffb5d2ae000 	C:\WINDOWS\System32\IMM32.DLL
0x00007ffb33b00000 - 0x00007ffb33bef000 	C:\Program Files\Java\jdk-9\bin\msvcr120.dll
0x00007ffb33a50000 - 0x00007ffb33af6000 	C:\Program Files\Java\jdk-9\bin\msvcp120.dll
0x00000000694c0000 - 0x0000000069e6f000 	C:\Program Files\Java\jdk-9\bin\server\jvm.dll
0x00007ffb5d760000 - 0x00007ffb5d803000 	C:\WINDOWS\System32\ADVAPI32.dll
0x00007ffb5d610000 - 0x00007ffb5d6a7000 	C:\WINDOWS\System32\sechost.dll
0x00007ffb5d750000 - 0x00007ffb5d758000 	C:\WINDOWS\System32\PSAPI.DLL
0x00007ffb249a0000 - 0x00007ffb249a9000 	C:\WINDOWS\SYSTEM32\WSOCK32.dll
0x00007ffb5d950000 - 0x00007ffb5d9bf000 	C:\WINDOWS\System32\WS2_32.dll
0x00007ffb556d0000 - 0x00007ffb556da000 	C:\WINDOWS\SYSTEM32\VERSION.dll
0x00007ffb58710000 - 0x00007ffb58734000 	C:\WINDOWS\SYSTEM32\WINMM.dll
0x00007ffb586e0000 - 0x00007ffb5870d000 	C:\WINDOWS\SYSTEM32\winmmbase.dll
0x00007ffb5cf90000 - 0x00007ffb5cfda000 	C:\WINDOWS\System32\cfgmgr32.dll
0x00007ffb58040000 - 0x00007ffb5804f000 	C:\Program Files\Java\jdk-9\bin\verify.dll
0x00007ffb4eb20000 - 0x00007ffb4eb47000 	C:\Program Files\Java\jdk-9\bin\java.dll
0x00007ffb531b0000 - 0x00007ffb531c6000 	C:\Program Files\Java\jdk-9\bin\zip.dll
0x00007ffb51f80000 - 0x00007ffb51f8a000 	C:\Program Files\Java\jdk-9\bin\jimage.dll
0x00007ffb52d30000 - 0x00007ffb52f24000 	C:\WINDOWS\SYSTEM32\dbghelp.dll

VM Arguments:
jvm_args: -Dfile.encoding=Cp1252 
java_command: main.gameclasses.GameCore
java_class_path (initial): D:\Users\Chuks Nwakanma\eclipse-workspace\TopDownGame\bin;D:\Users\Chuks Nwakanma\eclipse-workspace\TopDownGame\ResFiles
Launcher Type: SUN_STANDARD

Logging:
Log output configuration:
#0: stdout all=warning uptime,level,tags
#1: stderr all=off uptime,level,tags

Environment Variables:
JAVA_HOME=C:\Program Files\Java\jdk-9
PATH=C:/Program Files/Java/jdk-9/bin/server;C:/Program Files/Java/jdk-9/bin;C:\Program Files\Java\jdk-9\bin;C:\Program Files (x86)\Common Files\Oracle\Java\javapath;C:\WINDOWS\system32;C:\WINDOWS;C:\WINDOWS\System32\Wbem;C:\WINDOWS\System32\WindowsPowerShell\v1.0\;C:\WINDOWS\System32\OpenSSH\;D:\Users\Chuks Nwakanma\AppData\Local\Programs\Python\Python37-32\Scripts\;D:\Users\Chuks Nwakanma\AppData\Local\Programs\Python\Python37-32\;D:\Users\Chuks Nwakanma\AppData\Local\Microsoft\WindowsApps;D:\Users\Chuks Nwakanma\AppData\Local\GitHubDesktop\bin;%USERPROFILE%\AppData\Local\Microsoft\WindowsApps;;D:\Users\Chuks Nwakanma\Desktop;
USERNAME=Chuks Nwakanma
OS=Windows_NT
PROCESSOR_IDENTIFIER=Intel64 Family 6 Model 158 Stepping 9, GenuineIntel



---------------  S Y S T E M  ---------------

OS: Windows 10 , 64 bit Build 18362 (10.0.18362.86)

CPU:total 4 (initial active 4) (2 cores per cpu, 2 threads per core) family 6 model 158 stepping 9, cmov, cx8, fxsr, mmx, sse, sse2, sse3, ssse3, sse4.1, sse4.2, popcnt, avx, avx2, clmul, erms, 3dnowpref, lzcnt, ht, tsc, tscinvbit, bmi1, bmi2, adx, fma

Memory: 4k page, physical 16732564k(8614252k free), swap 47178640k(198872k free)

vm_info: OpenJDK 64-Bit Server VM (9+181) for windows-amd64 JRE (9+181), built on Aug  2 2017 21:47:27 by "javare" with MS VC++ 12.0 (VS2013)

END.
