#
# There is insufficient memory for the Java Runtime Environment to continue.
# Native memory allocation (malloc) failed to allocate 1015216 bytes for Chunk::new
# Possible reasons:
#   The system is out of physical RAM or swap space
#   The process is running with CompressedOops enabled, and the Java Heap may be blocking the growth of the native heap
# Possible solutions:
#   Reduce memory load on the system
#   Increase physical memory or swap space
#   Check if swap backing store is full
#   Decrease Java heap size (-Xmx/-Xms)
#   Decrease number of Java threads
#   Decrease Java thread stack sizes (-Xss)
#   Set larger code cache with -XX:ReservedCodeCacheSize=
#   JVM is running with Zero Based Compressed Oops mode in which the Java heap is
#     placed in the first 32GB address space. The Java Heap base address is the
#     maximum limit for the native heap growth. Please use -XX:HeapBaseMinAddress
#     to set the Java Heap base and to place the Java Heap above 32GB virtual address.
# This output file may be truncated or incomplete.
#
#  Out of Memory Error (c:/re/jdk9/6725/hotspot/src/share/vm/memory/allocation.cpp:372), pid=8488, tid=14200
#
# JRE version: OpenJDK Runtime Environment (9.0+181) (build 9+181)
# Java VM: OpenJDK 64-Bit Server VM (9+181, mixed mode, tiered, compressed oops, g1 gc, windows-amd64)
# No core dump will be written. Minidumps are not enabled by default on client versions of Windows
#

---------------  S U M M A R Y ------------

Command Line: -Dfile.encoding=Cp1252 main.gameclasses.GameCore

Host: Intel(R) Core(TM) i3-7100 CPU @ 3.90GHz, 4 cores, 15G,  Windows 10 , 64 bit Build 18362 (10.0.18362.86)
Time: Wed Aug 07 12:44:29 2019 Mountain Daylight Time elapsed time: 3 seconds (0d 0h 0m 3s)

---------------  T H R E A D  ---------------

Current thread (0x0000029765272800):  JavaThread "C2 CompilerThread1" daemon [_thread_in_native, id=14200, stack(0x000000f65b700000,0x000000f65b800000)]


Current CompileTask:
C2:   3083 1436       4       main.gameclasses.GameCore::render (175 bytes)

Stack: [0x000000f65b700000,0x000000f65b800000]
Native frames: (J=compiled Java code, j=interpreted, Vv=VM code, C=native code)
V  [jvm.dll+0x540748]
V  [jvm.dll+0x6501ee]
V  [jvm.dll+0x6510fa]
V  [jvm.dll+0x651723]
V  [jvm.dll+0x216428]
V  [jvm.dll+0xa663c]
V  [jvm.dll+0xa6f8c]
V  [jvm.dll+0x30bf95]
V  [jvm.dll+0x178d7c]
V  [jvm.dll+0x1e359d]
V  [jvm.dll+0x1e2744]
V  [jvm.dll+0x166e8b]
V  [jvm.dll+0x1efaba]
V  [jvm.dll+0x1ee756]
V  [jvm.dll+0x61f3ef]
V  [jvm.dll+0x53fb70]
C  [msvcr120.dll+0x24f7f]
C  [msvcr120.dll+0x25126]
C  [KERNEL32.DLL+0x17bd4]
C  [ntdll.dll+0x6ce71]


---------------  P R O C E S S  ---------------

Java Threads: ( => current thread )
  0x000002973f450000 JavaThread "DestroyJavaVM" [_thread_blocked, id=8296, stack(0x000000f65a500000,0x000000f65a600000)]
  0x000002976618f000 JavaThread "D3D Screen Updater" daemon [_thread_blocked, id=2576, stack(0x000000f65cb00000,0x000000f65cc00000)]
  0x000002976cc9d000 JavaThread "Thread-0" [_thread_in_native, id=14300, stack(0x000000f65ca00000,0x000000f65cb00000)]
  0x000002976cb32800 JavaThread "AWT-EventQueue-0" [_thread_blocked, id=5400, stack(0x000000f65c900000,0x000000f65ca00000)]
  0x0000029766079800 JavaThread "AWT-Windows" daemon [_thread_in_native, id=1012, stack(0x000000f65bf00000,0x000000f65c000000)]
  0x0000029766099800 JavaThread "AWT-Shutdown" [_thread_blocked, id=2572, stack(0x000000f65be00000,0x000000f65bf00000)]
  0x0000029766084800 JavaThread "Java2D Disposer" daemon [_thread_blocked, id=8552, stack(0x000000f65bd00000,0x000000f65be00000)]
  0x0000029765d58000 JavaThread "Service Thread" daemon [_thread_blocked, id=10016, stack(0x000000f65bb00000,0x000000f65bc00000)]
  0x000002976527d800 JavaThread "Common-Cleaner" daemon [_thread_blocked, id=14536, stack(0x000000f65ba00000,0x000000f65bb00000)]
  0x000002976527d000 JavaThread "Sweeper thread" daemon [_thread_blocked, id=9012, stack(0x000000f65b900000,0x000000f65ba00000)]
  0x0000029765277000 JavaThread "C1 CompilerThread2" daemon [_thread_blocked, id=5380, stack(0x000000f65b800000,0x000000f65b900000)]
=>0x0000029765272800 JavaThread "C2 CompilerThread1" daemon [_thread_in_native, id=14200, stack(0x000000f65b700000,0x000000f65b800000)]
  0x0000029765263800 JavaThread "C2 CompilerThread0" daemon [_thread_in_native, id=9096, stack(0x000000f65b600000,0x000000f65b700000)]
  0x0000029765bc3000 JavaThread "Attach Listener" daemon [_thread_blocked, id=3048, stack(0x000000f65b500000,0x000000f65b600000)]
  0x0000029765bc2800 JavaThread "Signal Dispatcher" daemon [_thread_blocked, id=16328, stack(0x000000f65b400000,0x000000f65b500000)]
  0x0000029765256000 JavaThread "Finalizer" daemon [_thread_blocked, id=9936, stack(0x000000f65b300000,0x000000f65b400000)]
  0x000002976524b800 JavaThread "Reference Handler" daemon [_thread_blocked, id=10004, stack(0x000000f65b200000,0x000000f65b300000)]

Other Threads:
  0x0000029765247000 VMThread "VM Thread" [stack: 0x000000f65b100000,0x000000f65b200000] [id=7324]
  0x0000029765d5d800 WatcherThread [stack: 0x000000f65bc00000,0x000000f65bd00000] [id=8884]
  0x000002973f465000 GCTaskThread "GC Thread#0" [stack: 0x000000f65a600000,0x000000f65a700000] [id=472]
  0x000002973f466000 GCTaskThread "GC Thread#1" [stack: 0x000000f65a700000,0x000000f65a800000] [id=16092]
  0x000002973f469800 GCTaskThread "GC Thread#2" [stack: 0x000000f65a800000,0x000000f65a900000] [id=7432]
  0x000002973f46e800 GCTaskThread "GC Thread#3" [stack: 0x000000f65a900000,0x000000f65aa00000] [id=14176]
  0x000002973f4be800 ConcurrentGCThread "G1 Main Marker" [stack: 0x000000f65af00000,0x000000f65b000000] [id=4520]
  0x000002973f4c3800 ConcurrentGCThread "G1 Marker#0" [stack: 0x000000f65b000000,0x000000f65b100000] [id=12012]
  0x000002973f47b000 ConcurrentGCThread "G1 Refine#0" [stack: 0x000000f65ad00000,0x000000f65ae00000] [id=4316]
  0x000002973f47a000 ConcurrentGCThread "G1 Refine#1" [stack: 0x000000f65ac00000,0x000000f65ad00000] [id=11956]
  0x000002973f479000 ConcurrentGCThread "G1 Refine#2" [stack: 0x000000f65ab00000,0x000000f65ac00000] [id=4684]
  0x000002973f472000 ConcurrentGCThread "G1 Refine#3" [stack: 0x000000f65aa00000,0x000000f65ab00000] [id=15372]
  0x000002973f47c000 ConcurrentGCThread "G1 Young RemSet Sampling" [stack: 0x000000f65ae00000,0x000000f65af00000] [id=14696]

Threads with active compile tasks:
C2 CompilerThread11436       4       main.gameclasses.GameCore::render (175 bytes)
C2 CompilerThread01437       4       main.gameclasses.GameMenu::render (39 bytes)

VM state:not at safepoint (normal execution)

VM Mutex/Monitor currently owned by a thread: None

Heap address: 0x00000006c0a00000, size: 4086 MB, Compressed Oops mode: Zero based, Oop shift amount: 3
Narrow klass base: 0x0000000000000000, Narrow klass shift: 3
Compressed class space size: 1073741824 Address: 0x00000007c0000000

Heap:
 garbage-first heap   total 262144K, used 26159K [0x00000006c0a00000, 0x00000006c0b00800, 0x00000007c0000000)
  region size 1024K, 23 young (23552K), 2 survivors (2048K)
 Metaspace       used 14190K, capacity 15056K, committed 15232K, reserved 1062912K
  class space    used 1458K, capacity 1663K, committed 1664K, reserved 1048576K
Heap Regions: E=young(eden), S=young(survivor), O=old, HS=humongous(starts), HC=humongous(continues), CS=collection set, F=free, A=archive, TS=gc time stamp, AC=allocation context, TAMS=top-at-mark-start (previous, next)
|   0|0x00000006c0a00000, 0x00000006c0b00000, 0x00000006c0b00000|100%|HS|  |TS  0|AC  0|TAMS 0x00000006c0a00000, 0x00000006c0a00000|
|   1|0x00000006c0b00000, 0x00000006c0c00000, 0x00000006c0c00000|100%|HC|  |TS  0|AC  0|TAMS 0x00000006c0b00000, 0x00000006c0b00000|
|   2|0x00000006c0c00000, 0x00000006c0d00000, 0x00000006c0d00000|100%|HC|  |TS  0|AC  0|TAMS 0x00000006c0c00000, 0x00000006c0c00000|
|   3|0x00000006c0d00000, 0x00000006c0d8be00, 0x00000006c0e00000| 54%| O|  |TS  1|AC  0|TAMS 0x00000006c0d00000, 0x00000006c0d00000|
|   4|0x00000006c0e00000, 0x00000006c0e00000, 0x00000006c0f00000|  0%| F|  |TS  0|AC  0|TAMS 0x00000006c0e00000, 0x00000006c0e00000|
|   5|0x00000006c0f00000, 0x00000006c0f00000, 0x00000006c1000000|  0%| F|  |TS  0|AC  0|TAMS 0x00000006c0f00000, 0x00000006c0f00000|
|   6|0x00000006c1000000, 0x00000006c1000000, 0x00000006c1100000|  0%| F|  |TS  0|AC  0|TAMS 0x00000006c1000000, 0x00000006c1000000|
|   7|0x00000006c1100000, 0x00000006c1100000, 0x00000006c1200000|  0%| F|  |TS  0|AC  0|TAMS 0x00000006c1100000, 0x00000006c1100000|
|   8|0x00000006c1200000, 0x00000006c1200000, 0x00000006c1300000|  0%| F|  |TS  0|AC  0|TAMS 0x00000006c1200000, 0x00000006c1200000|
|   9|0x00000006c1300000, 0x00000006c1300000, 0x00000006c1400000|  0%| F|  |TS  0|AC  0|TAMS 0x00000006c1300000, 0x00000006c1300000|
|  10|0x00000006c1400000, 0x00000006c1400000, 0x00000006c1500000|  0%| F|  |TS  0|AC  0|TAMS 0x00000006c1400000, 0x00000006c1400000|
|  11|0x00000006c1500000, 0x00000006c1500000, 0x00000006c1600000|  0%| F|  |TS  0|AC  0|TAMS 0x00000006c1500000, 0x00000006c1500000|
|  12|0x00000006c1600000, 0x00000006c1600000, 0x00000006c1700000|  0%| F|  |TS  0|AC  0|TAMS 0x00000006c1600000, 0x00000006c1600000|
|  13|0x00000006c1700000, 0x00000006c1700000, 0x00000006c1800000|  0%| F|  |TS  0|AC  0|TAMS 0x00000006c1700000, 0x00000006c1700000|
|  14|0x00000006c1800000, 0x00000006c1800000, 0x00000006c1900000|  0%| F|  |TS  0|AC  0|TAMS 0x00000006c1800000, 0x00000006c1800000|
|  15|0x00000006c1900000, 0x00000006c1900000, 0x00000006c1a00000|  0%| F|  |TS  0|AC  0|TAMS 0x00000006c1900000, 0x00000006c1900000|
|  16|0x00000006c1a00000, 0x00000006c1a00000, 0x00000006c1b00000|  0%| F|  |TS  0|AC  0|TAMS 0x00000006c1a00000, 0x00000006c1a00000|
|  17|0x00000006c1b00000, 0x00000006c1b00000, 0x00000006c1c00000|  0%| F|  |TS  0|AC  0|TAMS 0x00000006c1b00000, 0x00000006c1b00000|
|  18|0x00000006c1c00000, 0x00000006c1c00000, 0x00000006c1d00000|  0%| F|  |TS  0|AC  0|TAMS 0x00000006c1c00000, 0x00000006c1c00000|
|  19|0x00000006c1d00000, 0x00000006c1d00000, 0x00000006c1e00000|  0%| F|  |TS  0|AC  0|TAMS 0x00000006c1d00000, 0x00000006c1d00000|
|  20|0x00000006c1e00000, 0x00000006c1e00000, 0x00000006c1f00000|  0%| F|  |TS  0|AC  0|TAMS 0x00000006c1e00000, 0x00000006c1e00000|
|  21|0x00000006c1f00000, 0x00000006c1f00000, 0x00000006c2000000|  0%| F|  |TS  0|AC  0|TAMS 0x00000006c1f00000, 0x00000006c1f00000|
|  22|0x00000006c2000000, 0x00000006c2000000, 0x00000006c2100000|  0%| F|  |TS  0|AC  0|TAMS 0x00000006c2000000, 0x00000006c2000000|
|  23|0x00000006c2100000, 0x00000006c2100000, 0x00000006c2200000|  0%| F|  |TS  0|AC  0|TAMS 0x00000006c2100000, 0x00000006c2100000|
|  24|0x00000006c2200000, 0x00000006c2200000, 0x00000006c2300000|  0%| F|  |TS  0|AC  0|TAMS 0x00000006c2200000, 0x00000006c2200000|
|  25|0x00000006c2300000, 0x00000006c2300000, 0x00000006c2400000|  0%| F|  |TS  0|AC  0|TAMS 0x00000006c2300000, 0x00000006c2300000|
|  26|0x00000006c2400000, 0x00000006c2400000, 0x00000006c2500000|  0%| F|  |TS  0|AC  0|TAMS 0x00000006c2400000, 0x00000006c2400000|
|  27|0x00000006c2500000, 0x00000006c2500000, 0x00000006c2600000|  0%| F|  |TS  0|AC  0|TAMS 0x00000006c2500000, 0x00000006c2500000|
|  28|0x00000006c2600000, 0x00000006c2600000, 0x00000006c2700000|  0%| F|  |TS  0|AC  0|TAMS 0x00000006c2600000, 0x00000006c2600000|
|  29|0x00000006c2700000, 0x00000006c2700000, 0x00000006c2800000|  0%| F|  |TS  0|AC  0|TAMS 0x00000006c2700000, 0x00000006c2700000|
|  30|0x00000006c2800000, 0x00000006c2800000, 0x00000006c2900000|  0%| F|  |TS  0|AC  0|TAMS 0x00000006c2800000, 0x00000006c2800000|
|  31|0x00000006c2900000, 0x00000006c2900000, 0x00000006c2a00000|  0%| F|  |TS  0|AC  0|TAMS 0x00000006c2900000, 0x00000006c2900000|
|  32|0x00000006c2a00000, 0x00000006c2a00000, 0x00000006c2b00000|  0%| F|  |TS  0|AC  0|TAMS 0x00000006c2a00000, 0x00000006c2a00000|
|  33|0x00000006c2b00000, 0x00000006c2b00000, 0x00000006c2c00000|  0%| F|  |TS  0|AC  0|TAMS 0x00000006c2b00000, 0x00000006c2b00000|
|  34|0x00000006c2c00000, 0x00000006c2c00000, 0x00000006c2d00000|  0%| F|  |TS  0|AC  0|TAMS 0x00000006c2c00000, 0x00000006c2c00000|
|  35|0x00000006c2d00000, 0x00000006c2d00000, 0x00000006c2e00000|  0%| F|  |TS  0|AC  0|TAMS 0x00000006c2d00000, 0x00000006c2d00000|
|  36|0x00000006c2e00000, 0x00000006c2e00000, 0x00000006c2f00000|  0%| F|  |TS  0|AC  0|TAMS 0x00000006c2e00000, 0x00000006c2e00000|
|  37|0x00000006c2f00000, 0x00000006c2f00000, 0x00000006c3000000|  0%| F|  |TS  0|AC  0|TAMS 0x00000006c2f00000, 0x00000006c2f00000|
|  38|0x00000006c3000000, 0x00000006c3000000, 0x00000006c3100000|  0%| F|  |TS  0|AC  0|TAMS 0x00000006c3000000, 0x00000006c3000000|
|  39|0x00000006c3100000, 0x00000006c3100000, 0x00000006c3200000|  0%| F|  |TS  0|AC  0|TAMS 0x00000006c3100000, 0x00000006c3100000|
|  40|0x00000006c3200000, 0x00000006c3200000, 0x00000006c3300000|  0%| F|  |TS  0|AC  0|TAMS 0x00000006c3200000, 0x00000006c3200000|
|  41|0x00000006c3300000, 0x00000006c3300000, 0x00000006c3400000|  0%| F|  |TS  0|AC  0|TAMS 0x00000006c3300000, 0x00000006c3300000|
|  42|0x00000006c3400000, 0x00000006c3400000, 0x00000006c3500000|  0%| F|  |TS  0|AC  0|TAMS 0x00000006c3400000, 0x00000006c3400000|
|  43|0x00000006c3500000, 0x00000006c3500000, 0x00000006c3600000|  0%| F|  |TS  0|AC  0|TAMS 0x00000006c3500000, 0x00000006c3500000|
|  44|0x00000006c3600000, 0x00000006c3600000, 0x00000006c3700000|  0%| F|  |TS  0|AC  0|TAMS 0x00000006c3600000, 0x00000006c3600000|
|  45|0x00000006c3700000, 0x00000006c3700000, 0x00000006c3800000|  0%| F|  |TS  0|AC  0|TAMS 0x00000006c3700000, 0x00000006c3700000|
|  46|0x00000006c3800000, 0x00000006c3800000, 0x00000006c3900000|  0%| F|  |TS  0|AC  0|TAMS 0x00000006c3800000, 0x00000006c3800000|
|  47|0x00000006c3900000, 0x00000006c3900000, 0x00000006c3a00000|  0%| F|  |TS  0|AC  0|TAMS 0x00000006c3900000, 0x00000006c3900000|
|  48|0x00000006c3a00000, 0x00000006c3a00000, 0x00000006c3b00000|  0%| F|  |TS  0|AC  0|TAMS 0x00000006c3a00000, 0x00000006c3a00000|
|  49|0x00000006c3b00000, 0x00000006c3b00000, 0x00000006c3c00000|  0%| F|  |TS  0|AC  0|TAMS 0x00000006c3b00000, 0x00000006c3b00000|
|  50|0x00000006c3c00000, 0x00000006c3c00000, 0x00000006c3d00000|  0%| F|  |TS  0|AC  0|TAMS 0x00000006c3c00000, 0x00000006c3c00000|
|  51|0x00000006c3d00000, 0x00000006c3d00000, 0x00000006c3e00000|  0%| F|  |TS  0|AC  0|TAMS 0x00000006c3d00000, 0x00000006c3d00000|
|  52|0x00000006c3e00000, 0x00000006c3e00000, 0x00000006c3f00000|  0%| F|  |TS  0|AC  0|TAMS 0x00000006c3e00000, 0x00000006c3e00000|
|  53|0x00000006c3f00000, 0x00000006c3f00000, 0x00000006c4000000|  0%| F|  |TS  0|AC  0|TAMS 0x00000006c3f00000, 0x00000006c3f00000|
|  54|0x00000006c4000000, 0x00000006c4000000, 0x00000006c4100000|  0%| F|  |TS  0|AC  0|TAMS 0x00000006c4000000, 0x00000006c4000000|
|  55|0x00000006c4100000, 0x00000006c4100000, 0x00000006c4200000|  0%| F|  |TS  0|AC  0|TAMS 0x00000006c4100000, 0x00000006c4100000|
|  56|0x00000006c4200000, 0x00000006c4200000, 0x00000006c4300000|  0%| F|  |TS  0|AC  0|TAMS 0x00000006c4200000, 0x00000006c4200000|
|  57|0x00000006c4300000, 0x00000006c4300000, 0x00000006c4400000|  0%| F|  |TS  0|AC  0|TAMS 0x00000006c4300000, 0x00000006c4300000|
|  58|0x00000006c4400000, 0x00000006c4400000, 0x00000006c4500000|  0%| F|  |TS  0|AC  0|TAMS 0x00000006c4400000, 0x00000006c4400000|
|  59|0x00000006c4500000, 0x00000006c4500000, 0x00000006c4600000|  0%| F|  |TS  0|AC  0|TAMS 0x00000006c4500000, 0x00000006c4500000|
|  60|0x00000006c4600000, 0x00000006c4600000, 0x00000006c4700000|  0%| F|  |TS  0|AC  0|TAMS 0x00000006c4600000, 0x00000006c4600000|
|  61|0x00000006c4700000, 0x00000006c4700000, 0x00000006c4800000|  0%| F|  |TS  0|AC  0|TAMS 0x00000006c4700000, 0x00000006c4700000|
|  62|0x00000006c4800000, 0x00000006c4800000, 0x00000006c4900000|  0%| F|  |TS  0|AC  0|TAMS 0x00000006c4800000, 0x00000006c4800000|
|  63|0x00000006c4900000, 0x00000006c4900000, 0x00000006c4a00000|  0%| F|  |TS  0|AC  0|TAMS 0x00000006c4900000, 0x00000006c4900000|
|  64|0x00000006c4a00000, 0x00000006c4a00000, 0x00000006c4b00000|  0%| F|  |TS  0|AC  0|TAMS 0x00000006c4a00000, 0x00000006c4a00000|
|  65|0x00000006c4b00000, 0x00000006c4b00000, 0x00000006c4c00000|  0%| F|  |TS  0|AC  0|TAMS 0x00000006c4b00000, 0x00000006c4b00000|
|  66|0x00000006c4c00000, 0x00000006c4c00000, 0x00000006c4d00000|  0%| F|  |TS  0|AC  0|TAMS 0x00000006c4c00000, 0x00000006c4c00000|
|  67|0x00000006c4d00000, 0x00000006c4d00000, 0x00000006c4e00000|  0%| F|  |TS  0|AC  0|TAMS 0x00000006c4d00000, 0x00000006c4d00000|
|  68|0x00000006c4e00000, 0x00000006c4e00000, 0x00000006c4f00000|  0%| F|  |TS  0|AC  0|TAMS 0x00000006c4e00000, 0x00000006c4e00000|
|  69|0x00000006c4f00000, 0x00000006c4f00000, 0x00000006c5000000|  0%| F|  |TS  0|AC  0|TAMS 0x00000006c4f00000, 0x00000006c4f00000|
|  70|0x00000006c5000000, 0x00000006c5000000, 0x00000006c5100000|  0%| F|  |TS  0|AC  0|TAMS 0x00000006c5000000, 0x00000006c5000000|
|  71|0x00000006c5100000, 0x00000006c5100000, 0x00000006c5200000|  0%| F|  |TS  0|AC  0|TAMS 0x00000006c5100000, 0x00000006c5100000|
|  72|0x00000006c5200000, 0x00000006c5200000, 0x00000006c5300000|  0%| F|  |TS  0|AC  0|TAMS 0x00000006c5200000, 0x00000006c5200000|
|  73|0x00000006c5300000, 0x00000006c5300000, 0x00000006c5400000|  0%| F|  |TS  0|AC  0|TAMS 0x00000006c5300000, 0x00000006c5300000|
|  74|0x00000006c5400000, 0x00000006c5400000, 0x00000006c5500000|  0%| F|  |TS  0|AC  0|TAMS 0x00000006c5400000, 0x00000006c5400000|
|  75|0x00000006c5500000, 0x00000006c5500000, 0x00000006c5600000|  0%| F|  |TS  0|AC  0|TAMS 0x00000006c5500000, 0x00000006c5500000|
|  76|0x00000006c5600000, 0x00000006c5600000, 0x00000006c5700000|  0%| F|  |TS  0|AC  0|TAMS 0x00000006c5600000, 0x00000006c5600000|
|  77|0x00000006c5700000, 0x00000006c5700000, 0x00000006c5800000|  0%| F|  |TS  0|AC  0|TAMS 0x00000006c5700000, 0x00000006c5700000|
|  78|0x00000006c5800000, 0x00000006c5800000, 0x00000006c5900000|  0%| F|  |TS  0|AC  0|TAMS 0x00000006c5800000, 0x00000006c5800000|
|  79|0x00000006c5900000, 0x00000006c5900000, 0x00000006c5a00000|  0%| F|  |TS  0|AC  0|TAMS 0x00000006c5900000, 0x00000006c5900000|
|  80|0x00000006c5a00000, 0x00000006c5a00000, 0x00000006c5b00000|  0%| F|  |TS  0|AC  0|TAMS 0x00000006c5a00000, 0x00000006c5a00000|
|  81|0x00000006c5b00000, 0x00000006c5b00000, 0x00000006c5c00000|  0%| F|  |TS  0|AC  0|TAMS 0x00000006c5b00000, 0x00000006c5b00000|
|  82|0x00000006c5c00000, 0x00000006c5c00000, 0x00000006c5d00000|  0%| F|  |TS  0|AC  0|TAMS 0x00000006c5c00000, 0x00000006c5c00000|
|  83|0x00000006c5d00000, 0x00000006c5d00000, 0x00000006c5e00000|  0%| F|  |TS  0|AC  0|TAMS 0x00000006c5d00000, 0x00000006c5d00000|
|  84|0x00000006c5e00000, 0x00000006c5e00000, 0x00000006c5f00000|  0%| F|  |TS  0|AC  0|TAMS 0x00000006c5e00000, 0x00000006c5e00000|
|  85|0x00000006c5f00000, 0x00000006c5f00000, 0x00000006c6000000|  0%| F|  |TS  0|AC  0|TAMS 0x00000006c5f00000, 0x00000006c5f00000|
|  86|0x00000006c6000000, 0x00000006c6000000, 0x00000006c6100000|  0%| F|  |TS  0|AC  0|TAMS 0x00000006c6000000, 0x00000006c6000000|
|  87|0x00000006c6100000, 0x00000006c6100000, 0x00000006c6200000|  0%| F|  |TS  0|AC  0|TAMS 0x00000006c6100000, 0x00000006c6100000|
|  88|0x00000006c6200000, 0x00000006c6200000, 0x00000006c6300000|  0%| F|  |TS  0|AC  0|TAMS 0x00000006c6200000, 0x00000006c6200000|
|  89|0x00000006c6300000, 0x00000006c6300000, 0x00000006c6400000|  0%| F|  |TS  0|AC  0|TAMS 0x00000006c6300000, 0x00000006c6300000|
|  90|0x00000006c6400000, 0x00000006c6400000, 0x00000006c6500000|  0%| F|  |TS  0|AC  0|TAMS 0x00000006c6400000, 0x00000006c6400000|
|  91|0x00000006c6500000, 0x00000006c6500000, 0x00000006c6600000|  0%| F|  |TS  0|AC  0|TAMS 0x00000006c6500000, 0x00000006c6500000|
|  92|0x00000006c6600000, 0x00000006c6600000, 0x00000006c6700000|  0%| F|  |TS  0|AC  0|TAMS 0x00000006c6600000, 0x00000006c6600000|
|  93|0x00000006c6700000, 0x00000006c6700000, 0x00000006c6800000|  0%| F|  |TS  0|AC  0|TAMS 0x00000006c6700000, 0x00000006c6700000|
|  94|0x00000006c6800000, 0x00000006c6800000, 0x00000006c6900000|  0%| F|  |TS  0|AC  0|TAMS 0x00000006c6800000, 0x00000006c6800000|
|  95|0x00000006c6900000, 0x00000006c6900000, 0x00000006c6a00000|  0%| F|  |TS  0|AC  0|TAMS 0x00000006c6900000, 0x00000006c6900000|
|  96|0x00000006c6a00000, 0x00000006c6a00000, 0x00000006c6b00000|  0%| F|  |TS  0|AC  0|TAMS 0x00000006c6a00000, 0x00000006c6a00000|
|  97|0x00000006c6b00000, 0x00000006c6b00000, 0x00000006c6c00000|  0%| F|  |TS  0|AC  0|TAMS 0x00000006c6b00000, 0x00000006c6b00000|
|  98|0x00000006c6c00000, 0x00000006c6c00000, 0x00000006c6d00000|  0%| F|  |TS  0|AC  0|TAMS 0x00000006c6c00000, 0x00000006c6c00000|
|  99|0x00000006c6d00000, 0x00000006c6d00000, 0x00000006c6e00000|  0%| F|  |TS  0|AC  0|TAMS 0x00000006c6d00000, 0x00000006c6d00000|
| 100|0x00000006c6e00000, 0x00000006c6e00000, 0x00000006c6f00000|  0%| F|  |TS  0|AC  0|TAMS 0x00000006c6e00000, 0x00000006c6e00000|
| 101|0x00000006c6f00000, 0x00000006c6f00000, 0x00000006c7000000|  0%| F|  |TS  0|AC  0|TAMS 0x00000006c6f00000, 0x00000006c6f00000|
| 102|0x00000006c7000000, 0x00000006c7000000, 0x00000006c7100000|  0%| F|  |TS  0|AC  0|TAMS 0x00000006c7000000, 0x00000006c7000000|
| 103|0x00000006c7100000, 0x00000006c7100000, 0x00000006c7200000|  0%| F|  |TS  0|AC  0|TAMS 0x00000006c7100000, 0x00000006c7100000|
| 104|0x00000006c7200000, 0x00000006c7200000, 0x00000006c7300000|  0%| F|  |TS  0|AC  0|TAMS 0x00000006c7200000, 0x00000006c7200000|
| 105|0x00000006c7300000, 0x00000006c7300000, 0x00000006c7400000|  0%| F|  |TS  0|AC  0|TAMS 0x00000006c7300000, 0x00000006c7300000|
| 106|0x00000006c7400000, 0x00000006c7400000, 0x00000006c7500000|  0%| F|  |TS  0|AC  0|TAMS 0x00000006c7400000, 0x00000006c7400000|
| 107|0x00000006c7500000, 0x00000006c7500000, 0x00000006c7600000|  0%| F|  |TS  0|AC  0|TAMS 0x00000006c7500000, 0x00000006c7500000|
| 108|0x00000006c7600000, 0x00000006c7600000, 0x00000006c7700000|  0%| F|  |TS  0|AC  0|TAMS 0x00000006c7600000, 0x00000006c7600000|
| 109|0x00000006c7700000, 0x00000006c7700000, 0x00000006c7800000|  0%| F|  |TS  0|AC  0|TAMS 0x00000006c7700000, 0x00000006c7700000|
| 110|0x00000006c7800000, 0x00000006c7800000, 0x00000006c7900000|  0%| F|  |TS  0|AC  0|TAMS 0x00000006c7800000, 0x00000006c7800000|
| 111|0x00000006c7900000, 0x00000006c7900000, 0x00000006c7a00000|  0%| F|  |TS  0|AC  0|TAMS 0x00000006c7900000, 0x00000006c7900000|
| 112|0x00000006c7a00000, 0x00000006c7a00000, 0x00000006c7b00000|  0%| F|  |TS  0|AC  0|TAMS 0x00000006c7a00000, 0x00000006c7a00000|
| 113|0x00000006c7b00000, 0x00000006c7b00000, 0x00000006c7c00000|  0%| F|  |TS  0|AC  0|TAMS 0x00000006c7b00000, 0x00000006c7b00000|
| 114|0x00000006c7c00000, 0x00000006c7c00000, 0x00000006c7d00000|  0%| F|  |TS  0|AC  0|TAMS 0x00000006c7c00000, 0x00000006c7c00000|
| 115|0x00000006c7d00000, 0x00000006c7d00000, 0x00000006c7e00000|  0%| F|  |TS  0|AC  0|TAMS 0x00000006c7d00000, 0x00000006c7d00000|
| 116|0x00000006c7e00000, 0x00000006c7e00000, 0x00000006c7f00000|  0%| F|  |TS  0|AC  0|TAMS 0x00000006c7e00000, 0x00000006c7e00000|
| 117|0x00000006c7f00000, 0x00000006c7f00000, 0x00000006c8000000|  0%| F|  |TS  0|AC  0|TAMS 0x00000006c7f00000, 0x00000006c7f00000|
| 118|0x00000006c8000000, 0x00000006c8000000, 0x00000006c8100000|  0%| F|  |TS  0|AC  0|TAMS 0x00000006c8000000, 0x00000006c8000000|
| 119|0x00000006c8100000, 0x00000006c8100000, 0x00000006c8200000|  0%| F|  |TS  0|AC  0|TAMS 0x00000006c8100000, 0x00000006c8100000|
| 120|0x00000006c8200000, 0x00000006c8200000, 0x00000006c8300000|  0%| F|  |TS  0|AC  0|TAMS 0x00000006c8200000, 0x00000006c8200000|
| 121|0x00000006c8300000, 0x00000006c8300000, 0x00000006c8400000|  0%| F|  |TS  0|AC  0|TAMS 0x00000006c8300000, 0x00000006c8300000|
| 122|0x00000006c8400000, 0x00000006c8400000, 0x00000006c8500000|  0%| F|  |TS  0|AC  0|TAMS 0x00000006c8400000, 0x00000006c8400000|
| 123|0x00000006c8500000, 0x00000006c8500000, 0x00000006c8600000|  0%| F|  |TS  0|AC  0|TAMS 0x00000006c8500000, 0x00000006c8500000|
| 124|0x00000006c8600000, 0x00000006c8600000, 0x00000006c8700000|  0%| F|  |TS  0|AC  0|TAMS 0x00000006c8600000, 0x00000006c8600000|
| 125|0x00000006c8700000, 0x00000006c8700000, 0x00000006c8800000|  0%| F|  |TS  0|AC  0|TAMS 0x00000006c8700000, 0x00000006c8700000|
| 126|0x00000006c8800000, 0x00000006c8800000, 0x00000006c8900000|  0%| F|  |TS  0|AC  0|TAMS 0x00000006c8800000, 0x00000006c8800000|
| 127|0x00000006c8900000, 0x00000006c8900000, 0x00000006c8a00000|  0%| F|  |TS  0|AC  0|TAMS 0x00000006c8900000, 0x00000006c8900000|
| 128|0x00000006c8a00000, 0x00000006c8a00000, 0x00000006c8b00000|  0%| F|  |TS  0|AC  0|TAMS 0x00000006c8a00000, 0x00000006c8a00000|
| 129|0x00000006c8b00000, 0x00000006c8b00000, 0x00000006c8c00000|  0%| F|  |TS  0|AC  0|TAMS 0x00000006c8b00000, 0x00000006c8b00000|
| 130|0x00000006c8c00000, 0x00000006c8c00000, 0x00000006c8d00000|  0%| F|  |TS  0|AC  0|TAMS 0x00000006c8c00000, 0x00000006c8c00000|
| 131|0x00000006c8d00000, 0x00000006c8d00000, 0x00000006c8e00000|  0%| F|  |TS  0|AC  0|TAMS 0x00000006c8d00000, 0x00000006c8d00000|
| 132|0x00000006c8e00000, 0x00000006c8e00000, 0x00000006c8f00000|  0%| F|  |TS  0|AC  0|TAMS 0x00000006c8e00000, 0x00000006c8e00000|
| 133|0x00000006c8f00000, 0x00000006c8f00000, 0x00000006c9000000|  0%| F|  |TS  0|AC  0|TAMS 0x00000006c8f00000, 0x00000006c8f00000|
| 134|0x00000006c9000000, 0x00000006c9000000, 0x00000006c9100000|  0%| F|  |TS  0|AC  0|TAMS 0x00000006c9000000, 0x00000006c9000000|
| 135|0x00000006c9100000, 0x00000006c9100000, 0x00000006c9200000|  0%| F|  |TS  0|AC  0|TAMS 0x00000006c9100000, 0x00000006c9100000|
| 136|0x00000006c9200000, 0x00000006c9200000, 0x00000006c9300000|  0%| F|  |TS  0|AC  0|TAMS 0x00000006c9200000, 0x00000006c9200000|
| 137|0x00000006c9300000, 0x00000006c9300000, 0x00000006c9400000|  0%| F|  |TS  0|AC  0|TAMS 0x00000006c9300000, 0x00000006c9300000|
| 138|0x00000006c9400000, 0x00000006c9400000, 0x00000006c9500000|  0%| F|  |TS  0|AC  0|TAMS 0x00000006c9400000, 0x00000006c9400000|
| 139|0x00000006c9500000, 0x00000006c9500000, 0x00000006c9600000|  0%| F|  |TS  0|AC  0|TAMS 0x00000006c9500000, 0x00000006c9500000|
| 140|0x00000006c9600000, 0x00000006c9600000, 0x00000006c9700000|  0%| F|  |TS  0|AC  0|TAMS 0x00000006c9600000, 0x00000006c9600000|
| 141|0x00000006c9700000, 0x00000006c9700000, 0x00000006c9800000|  0%| F|  |TS  0|AC  0|TAMS 0x00000006c9700000, 0x00000006c9700000|
| 142|0x00000006c9800000, 0x00000006c9800000, 0x00000006c9900000|  0%| F|  |TS  0|AC  0|TAMS 0x00000006c9800000, 0x00000006c9800000|
| 143|0x00000006c9900000, 0x00000006c9900000, 0x00000006c9a00000|  0%| F|  |TS  0|AC  0|TAMS 0x00000006c9900000, 0x00000006c9900000|
| 144|0x00000006c9a00000, 0x00000006c9a00000, 0x00000006c9b00000|  0%| F|  |TS  0|AC  0|TAMS 0x00000006c9a00000, 0x00000006c9a00000|
| 145|0x00000006c9b00000, 0x00000006c9b00000, 0x00000006c9c00000|  0%| F|  |TS  0|AC  0|TAMS 0x00000006c9b00000, 0x00000006c9b00000|
| 146|0x00000006c9c00000, 0x00000006c9c00000, 0x00000006c9d00000|  0%| F|  |TS  0|AC  0|TAMS 0x00000006c9c00000, 0x00000006c9c00000|
| 147|0x00000006c9d00000, 0x00000006c9d00000, 0x00000006c9e00000|  0%| F|  |TS  0|AC  0|TAMS 0x00000006c9d00000, 0x00000006c9d00000|
| 148|0x00000006c9e00000, 0x00000006c9e00000, 0x00000006c9f00000|  0%| F|  |TS  0|AC  0|TAMS 0x00000006c9e00000, 0x00000006c9e00000|
| 149|0x00000006c9f00000, 0x00000006c9f00000, 0x00000006ca000000|  0%| F|  |TS  0|AC  0|TAMS 0x00000006c9f00000, 0x00000006c9f00000|
| 150|0x00000006ca000000, 0x00000006ca000000, 0x00000006ca100000|  0%| F|  |TS  0|AC  0|TAMS 0x00000006ca000000, 0x00000006ca000000|
| 151|0x00000006ca100000, 0x00000006ca100000, 0x00000006ca200000|  0%| F|  |TS  0|AC  0|TAMS 0x00000006ca100000, 0x00000006ca100000|
| 152|0x00000006ca200000, 0x00000006ca200000, 0x00000006ca300000|  0%| F|  |TS  0|AC  0|TAMS 0x00000006ca200000, 0x00000006ca200000|
| 153|0x00000006ca300000, 0x00000006ca300000, 0x00000006ca400000|  0%| F|  |TS  0|AC  0|TAMS 0x00000006ca300000, 0x00000006ca300000|
| 154|0x00000006ca400000, 0x00000006ca400000, 0x00000006ca500000|  0%| F|  |TS  0|AC  0|TAMS 0x00000006ca400000, 0x00000006ca400000|
| 155|0x00000006ca500000, 0x00000006ca500000, 0x00000006ca600000|  0%| F|  |TS  0|AC  0|TAMS 0x00000006ca500000, 0x00000006ca500000|
| 156|0x00000006ca600000, 0x00000006ca600000, 0x00000006ca700000|  0%| F|  |TS  0|AC  0|TAMS 0x00000006ca600000, 0x00000006ca600000|
| 157|0x00000006ca700000, 0x00000006ca700000, 0x00000006ca800000|  0%| F|  |TS  0|AC  0|TAMS 0x00000006ca700000, 0x00000006ca700000|
| 158|0x00000006ca800000, 0x00000006ca800000, 0x00000006ca900000|  0%| F|  |TS  0|AC  0|TAMS 0x00000006ca800000, 0x00000006ca800000|
| 159|0x00000006ca900000, 0x00000006ca900000, 0x00000006caa00000|  0%| F|  |TS  0|AC  0|TAMS 0x00000006ca900000, 0x00000006ca900000|
| 160|0x00000006caa00000, 0x00000006caa00000, 0x00000006cab00000|  0%| F|  |TS  0|AC  0|TAMS 0x00000006caa00000, 0x00000006caa00000|
| 161|0x00000006cab00000, 0x00000006cab00000, 0x00000006cac00000|  0%| F|  |TS  0|AC  0|TAMS 0x00000006cab00000, 0x00000006cab00000|
| 162|0x00000006cac00000, 0x00000006cac00000, 0x00000006cad00000|  0%| F|  |TS  0|AC  0|TAMS 0x00000006cac00000, 0x00000006cac00000|
| 163|0x00000006cad00000, 0x00000006cad00000, 0x00000006cae00000|  0%| F|  |TS  0|AC  0|TAMS 0x00000006cad00000, 0x00000006cad00000|
| 164|0x00000006cae00000, 0x00000006cae00000, 0x00000006caf00000|  0%| F|  |TS  0|AC  0|TAMS 0x00000006cae00000, 0x00000006cae00000|
| 165|0x00000006caf00000, 0x00000006caf00000, 0x00000006cb000000|  0%| F|  |TS  0|AC  0|TAMS 0x00000006caf00000, 0x00000006caf00000|
| 166|0x00000006cb000000, 0x00000006cb000000, 0x00000006cb100000|  0%| F|  |TS  0|AC  0|TAMS 0x00000006cb000000, 0x00000006cb000000|
| 167|0x00000006cb100000, 0x00000006cb100000, 0x00000006cb200000|  0%| F|  |TS  0|AC  0|TAMS 0x00000006cb100000, 0x00000006cb100000|
| 168|0x00000006cb200000, 0x00000006cb200000, 0x00000006cb300000|  0%| F|  |TS  0|AC  0|TAMS 0x00000006cb200000, 0x00000006cb200000|
| 169|0x00000006cb300000, 0x00000006cb300000, 0x00000006cb400000|  0%| F|  |TS  0|AC  0|TAMS 0x00000006cb300000, 0x00000006cb300000|
| 170|0x00000006cb400000, 0x00000006cb400000, 0x00000006cb500000|  0%| F|  |TS  0|AC  0|TAMS 0x00000006cb400000, 0x00000006cb400000|
| 171|0x00000006cb500000, 0x00000006cb500000, 0x00000006cb600000|  0%| F|  |TS  0|AC  0|TAMS 0x00000006cb500000, 0x00000006cb500000|
| 172|0x00000006cb600000, 0x00000006cb600000, 0x00000006cb700000|  0%| F|  |TS  0|AC  0|TAMS 0x00000006cb600000, 0x00000006cb600000|
| 173|0x00000006cb700000, 0x00000006cb700000, 0x00000006cb800000|  0%| F|  |TS  0|AC  0|TAMS 0x00000006cb700000, 0x00000006cb700000|
| 174|0x00000006cb800000, 0x00000006cb800000, 0x00000006cb900000|  0%| F|  |TS  0|AC  0|TAMS 0x00000006cb800000, 0x00000006cb800000|
| 175|0x00000006cb900000, 0x00000006cb900000, 0x00000006cba00000|  0%| F|  |TS  0|AC  0|TAMS 0x00000006cb900000, 0x00000006cb900000|
| 176|0x00000006cba00000, 0x00000006cba00000, 0x00000006cbb00000|  0%| F|  |TS  0|AC  0|TAMS 0x00000006cba00000, 0x00000006cba00000|
| 177|0x00000006cbb00000, 0x00000006cbb00000, 0x00000006cbc00000|  0%| F|  |TS  0|AC  0|TAMS 0x00000006cbb00000, 0x00000006cbb00000|
| 178|0x00000006cbc00000, 0x00000006cbc00000, 0x00000006cbd00000|  0%| F|  |TS  0|AC  0|TAMS 0x00000006cbc00000, 0x00000006cbc00000|
| 179|0x00000006cbd00000, 0x00000006cbd00000, 0x00000006cbe00000|  0%| F|  |TS  0|AC  0|TAMS 0x00000006cbd00000, 0x00000006cbd00000|
| 180|0x00000006cbe00000, 0x00000006cbe00000, 0x00000006cbf00000|  0%| F|  |TS  0|AC  0|TAMS 0x00000006cbe00000, 0x00000006cbe00000|
| 181|0x00000006cbf00000, 0x00000006cbf00000, 0x00000006cc000000|  0%| F|  |TS  0|AC  0|TAMS 0x00000006cbf00000, 0x00000006cbf00000|
| 182|0x00000006cc000000, 0x00000006cc000000, 0x00000006cc100000|  0%| F|  |TS  0|AC  0|TAMS 0x00000006cc000000, 0x00000006cc000000|
| 183|0x00000006cc100000, 0x00000006cc100000, 0x00000006cc200000|  0%| F|  |TS  0|AC  0|TAMS 0x00000006cc100000, 0x00000006cc100000|
| 184|0x00000006cc200000, 0x00000006cc200000, 0x00000006cc300000|  0%| F|  |TS  0|AC  0|TAMS 0x00000006cc200000, 0x00000006cc200000|
| 185|0x00000006cc300000, 0x00000006cc300000, 0x00000006cc400000|  0%| F|  |TS  0|AC  0|TAMS 0x00000006cc300000, 0x00000006cc300000|
| 186|0x00000006cc400000, 0x00000006cc400000, 0x00000006cc500000|  0%| F|  |TS  0|AC  0|TAMS 0x00000006cc400000, 0x00000006cc400000|
| 187|0x00000006cc500000, 0x00000006cc500000, 0x00000006cc600000|  0%| F|  |TS  0|AC  0|TAMS 0x00000006cc500000, 0x00000006cc500000|
| 188|0x00000006cc600000, 0x00000006cc600000, 0x00000006cc700000|  0%| F|  |TS  0|AC  0|TAMS 0x00000006cc600000, 0x00000006cc600000|
| 189|0x00000006cc700000, 0x00000006cc700000, 0x00000006cc800000|  0%| F|  |TS  0|AC  0|TAMS 0x00000006cc700000, 0x00000006cc700000|
| 190|0x00000006cc800000, 0x00000006cc800000, 0x00000006cc900000|  0%| F|  |TS  0|AC  0|TAMS 0x00000006cc800000, 0x00000006cc800000|
| 191|0x00000006cc900000, 0x00000006cc900000, 0x00000006cca00000|  0%| F|  |TS  0|AC  0|TAMS 0x00000006cc900000, 0x00000006cc900000|
| 192|0x00000006cca00000, 0x00000006cca00000, 0x00000006ccb00000|  0%| F|  |TS  0|AC  0|TAMS 0x00000006cca00000, 0x00000006cca00000|
| 193|0x00000006ccb00000, 0x00000006ccb00000, 0x00000006ccc00000|  0%| F|  |TS  0|AC  0|TAMS 0x00000006ccb00000, 0x00000006ccb00000|
| 194|0x00000006ccc00000, 0x00000006ccc00000, 0x00000006ccd00000|  0%| F|  |TS  0|AC  0|TAMS 0x00000006ccc00000, 0x00000006ccc00000|
| 195|0x00000006ccd00000, 0x00000006ccd00000, 0x00000006cce00000|  0%| F|  |TS  0|AC  0|TAMS 0x00000006ccd00000, 0x00000006ccd00000|
| 196|0x00000006cce00000, 0x00000006cce00000, 0x00000006ccf00000|  0%| F|  |TS  0|AC  0|TAMS 0x00000006cce00000, 0x00000006cce00000|
| 197|0x00000006ccf00000, 0x00000006ccf00000, 0x00000006cd000000|  0%| F|  |TS  0|AC  0|TAMS 0x00000006ccf00000, 0x00000006ccf00000|
| 198|0x00000006cd000000, 0x00000006cd000000, 0x00000006cd100000|  0%| F|  |TS  0|AC  0|TAMS 0x00000006cd000000, 0x00000006cd000000|
| 199|0x00000006cd100000, 0x00000006cd100000, 0x00000006cd200000|  0%| F|  |TS  0|AC  0|TAMS 0x00000006cd100000, 0x00000006cd100000|
| 200|0x00000006cd200000, 0x00000006cd200000, 0x00000006cd300000|  0%| F|  |TS  0|AC  0|TAMS 0x00000006cd200000, 0x00000006cd200000|
| 201|0x00000006cd300000, 0x00000006cd300000, 0x00000006cd400000|  0%| F|  |TS  0|AC  0|TAMS 0x00000006cd300000, 0x00000006cd300000|
| 202|0x00000006cd400000, 0x00000006cd400000, 0x00000006cd500000|  0%| F|  |TS  0|AC  0|TAMS 0x00000006cd400000, 0x00000006cd400000|
| 203|0x00000006cd500000, 0x00000006cd500000, 0x00000006cd600000|  0%| F|  |TS  0|AC  0|TAMS 0x00000006cd500000, 0x00000006cd500000|
| 204|0x00000006cd600000, 0x00000006cd600000, 0x00000006cd700000|  0%| F|  |TS  0|AC  0|TAMS 0x00000006cd600000, 0x00000006cd600000|
| 205|0x00000006cd700000, 0x00000006cd700000, 0x00000006cd800000|  0%| F|  |TS  0|AC  0|TAMS 0x00000006cd700000, 0x00000006cd700000|
| 206|0x00000006cd800000, 0x00000006cd800000, 0x00000006cd900000|  0%| F|  |TS  0|AC  0|TAMS 0x00000006cd800000, 0x00000006cd800000|
| 207|0x00000006cd900000, 0x00000006cd900000, 0x00000006cda00000|  0%| F|  |TS  0|AC  0|TAMS 0x00000006cd900000, 0x00000006cd900000|
| 208|0x00000006cda00000, 0x00000006cda00000, 0x00000006cdb00000|  0%| F|  |TS  0|AC  0|TAMS 0x00000006cda00000, 0x00000006cda00000|
| 209|0x00000006cdb00000, 0x00000006cdb00000, 0x00000006cdc00000|  0%| F|  |TS  0|AC  0|TAMS 0x00000006cdb00000, 0x00000006cdb00000|
| 210|0x00000006cdc00000, 0x00000006cdc00000, 0x00000006cdd00000|  0%| F|  |TS  0|AC  0|TAMS 0x00000006cdc00000, 0x00000006cdc00000|
| 211|0x00000006cdd00000, 0x00000006cdd00000, 0x00000006cde00000|  0%| F|  |TS  0|AC  0|TAMS 0x00000006cdd00000, 0x00000006cdd00000|
| 212|0x00000006cde00000, 0x00000006cde00000, 0x00000006cdf00000|  0%| F|  |TS  0|AC  0|TAMS 0x00000006cde00000, 0x00000006cde00000|
| 213|0x00000006cdf00000, 0x00000006cdf00000, 0x00000006ce000000|  0%| F|  |TS  0|AC  0|TAMS 0x00000006cdf00000, 0x00000006cdf00000|
| 214|0x00000006ce000000, 0x00000006ce000000, 0x00000006ce100000|  0%| F|  |TS  0|AC  0|TAMS 0x00000006ce000000, 0x00000006ce000000|
| 215|0x00000006ce100000, 0x00000006ce100000, 0x00000006ce200000|  0%| F|  |TS  0|AC  0|TAMS 0x00000006ce100000, 0x00000006ce100000|
| 216|0x00000006ce200000, 0x00000006ce200000, 0x00000006ce300000|  0%| F|  |TS  0|AC  0|TAMS 0x00000006ce200000, 0x00000006ce200000|
| 217|0x00000006ce300000, 0x00000006ce300000, 0x00000006ce400000|  0%| F|  |TS  0|AC  0|TAMS 0x00000006ce300000, 0x00000006ce300000|
| 218|0x00000006ce400000, 0x00000006ce400000, 0x00000006ce500000|  0%| F|  |TS  0|AC  0|TAMS 0x00000006ce400000, 0x00000006ce400000|
| 219|0x00000006ce500000, 0x00000006ce500000, 0x00000006ce600000|  0%| F|  |TS  0|AC  0|TAMS 0x00000006ce500000, 0x00000006ce500000|
| 220|0x00000006ce600000, 0x00000006ce600000, 0x00000006ce700000|  0%| F|  |TS  0|AC  0|TAMS 0x00000006ce600000, 0x00000006ce600000|
| 221|0x00000006ce700000, 0x00000006ce700000, 0x00000006ce800000|  0%| F|  |TS  0|AC  0|TAMS 0x00000006ce700000, 0x00000006ce700000|
| 222|0x00000006ce800000, 0x00000006ce800000, 0x00000006ce900000|  0%| F|  |TS  0|AC  0|TAMS 0x00000006ce800000, 0x00000006ce800000|
| 223|0x00000006ce900000, 0x00000006ce900000, 0x00000006cea00000|  0%| F|  |TS  0|AC  0|TAMS 0x00000006ce900000, 0x00000006ce900000|
| 224|0x00000006cea00000, 0x00000006cea00000, 0x00000006ceb00000|  0%| F|  |TS  0|AC  0|TAMS 0x00000006cea00000, 0x00000006cea00000|
| 225|0x00000006ceb00000, 0x00000006ceb00000, 0x00000006cec00000|  0%| F|  |TS  0|AC  0|TAMS 0x00000006ceb00000, 0x00000006ceb00000|
| 226|0x00000006cec00000, 0x00000006cec00000, 0x00000006ced00000|  0%| F|  |TS  0|AC  0|TAMS 0x00000006cec00000, 0x00000006cec00000|
| 227|0x00000006ced00000, 0x00000006ced00000, 0x00000006cee00000|  0%| F|  |TS  0|AC  0|TAMS 0x00000006ced00000, 0x00000006ced00000|
| 228|0x00000006cee00000, 0x00000006cee00000, 0x00000006cef00000|  0%| F|  |TS  0|AC  0|TAMS 0x00000006cee00000, 0x00000006cee00000|
| 229|0x00000006cef00000, 0x00000006cef00000, 0x00000006cf000000|  0%| F|  |TS  0|AC  0|TAMS 0x00000006cef00000, 0x00000006cef00000|
| 230|0x00000006cf000000, 0x00000006cf000000, 0x00000006cf100000|  0%| F|  |TS  0|AC  0|TAMS 0x00000006cf000000, 0x00000006cf000000|
| 231|0x00000006cf100000, 0x00000006cf100000, 0x00000006cf200000|  0%| F|  |TS  0|AC  0|TAMS 0x00000006cf100000, 0x00000006cf100000|
| 232|0x00000006cf200000, 0x00000006cf200000, 0x00000006cf300000|  0%| F|  |TS  0|AC  0|TAMS 0x00000006cf200000, 0x00000006cf200000|
| 233|0x00000006cf300000, 0x00000006cf400000, 0x00000006cf400000|100%| E|  |TS  0|AC  0|TAMS 0x00000006cf300000, 0x00000006cf300000|
| 234|0x00000006cf400000, 0x00000006cf500000, 0x00000006cf500000|100%| E|CS|TS  0|AC  0|TAMS 0x00000006cf400000, 0x00000006cf400000|
| 235|0x00000006cf500000, 0x00000006cf600000, 0x00000006cf600000|100%| E|CS|TS  0|AC  0|TAMS 0x00000006cf500000, 0x00000006cf500000|
| 236|0x00000006cf600000, 0x00000006cf700000, 0x00000006cf700000|100%| E|CS|TS  0|AC  0|TAMS 0x00000006cf600000, 0x00000006cf600000|
| 237|0x00000006cf700000, 0x00000006cf800000, 0x00000006cf800000|100%| E|CS|TS  0|AC  0|TAMS 0x00000006cf700000, 0x00000006cf700000|
| 238|0x00000006cf800000, 0x00000006cf900000, 0x00000006cf900000|100%| E|CS|TS  0|AC  0|TAMS 0x00000006cf800000, 0x00000006cf800000|
| 239|0x00000006cf900000, 0x00000006cfa00000, 0x00000006cfa00000|100%| E|CS|TS  0|AC  0|TAMS 0x00000006cf900000, 0x00000006cf900000|
| 240|0x00000006cfa00000, 0x00000006cfb00000, 0x00000006cfb00000|100%| S|CS|TS  1|AC  0|TAMS 0x00000006cfa00000, 0x00000006cfa00000|
| 241|0x00000006cfb00000, 0x00000006cfc00000, 0x00000006cfc00000|100%| S|CS|TS  1|AC  0|TAMS 0x00000006cfb00000, 0x00000006cfb00000|
| 242|0x00000006cfc00000, 0x00000006cfd00000, 0x00000006cfd00000|100%| E|CS|TS  1|AC  0|TAMS 0x00000006cfc00000, 0x00000006cfc00000|
| 243|0x00000006cfd00000, 0x00000006cfe00000, 0x00000006cfe00000|100%| E|CS|TS  1|AC  0|TAMS 0x00000006cfd00000, 0x00000006cfd00000|
| 244|0x00000006cfe00000, 0x00000006cff00000, 0x00000006cff00000|100%| E|CS|TS  1|AC  0|TAMS 0x00000006cfe00000, 0x00000006cfe00000|
| 245|0x00000006cff00000, 0x00000006d0000000, 0x00000006d0000000|100%| E|CS|TS  1|AC  0|TAMS 0x00000006cff00000, 0x00000006cff00000|
| 246|0x00000006d0000000, 0x00000006d0100000, 0x00000006d0100000|100%| E|CS|TS  1|AC  0|TAMS 0x00000006d0000000, 0x00000006d0000000|
| 247|0x00000006d0100000, 0x00000006d0200000, 0x00000006d0200000|100%| E|CS|TS  1|AC  0|TAMS 0x00000006d0100000, 0x00000006d0100000|
| 248|0x00000006d0200000, 0x00000006d0300000, 0x00000006d0300000|100%| E|CS|TS  1|AC  0|TAMS 0x00000006d0200000, 0x00000006d0200000|
| 249|0x00000006d0300000, 0x00000006d0400000, 0x00000006d0400000|100%| E|CS|TS  1|AC  0|TAMS 0x00000006d0300000, 0x00000006d0300000|
| 250|0x00000006d0400000, 0x00000006d0500000, 0x00000006d0500000|100%| E|CS|TS  1|AC  0|TAMS 0x00000006d0400000, 0x00000006d0400000|
| 251|0x00000006d0500000, 0x00000006d0600000, 0x00000006d0600000|100%| E|CS|TS  1|AC  0|TAMS 0x00000006d0500000, 0x00000006d0500000|
| 252|0x00000006d0600000, 0x00000006d0700000, 0x00000006d0700000|100%| E|CS|TS  1|AC  0|TAMS 0x00000006d0600000, 0x00000006d0600000|
| 253|0x00000006d0700000, 0x00000006d0800000, 0x00000006d0800000|100%| E|CS|TS  1|AC  0|TAMS 0x00000006d0700000, 0x00000006d0700000|
| 254|0x00000006d0800000, 0x00000006d0900000, 0x00000006d0900000|100%| E|CS|TS  1|AC  0|TAMS 0x00000006d0800000, 0x00000006d0800000|
| 255|0x00000006d0900000, 0x00000006d0a00000, 0x00000006d0a00000|100%| E|CS|TS  1|AC  0|TAMS 0x00000006d0900000, 0x00000006d0900000|

Card table byte_map: [0x0000029759a80000,0x000002975a280000] byte_map_base: 0x000002975647b000

Marking Bits (Prev, Next): (CMBitMap*) 0x000002973f4be0c0, (CMBitMap*) 0x000002973f4be0f8
 Prev Bits: [0x000002975aa80000, 0x000002975ea58000)
 Next Bits: [0x000002975ea60000, 0x0000029762a38000)

Polling page: 0x000002973f3d0000

CodeHeap 'non-profiled nmethods': size=120064Kb used=601Kb max_used=601Kb free=119462Kb
 bounds [0x0000029751010000, 0x0000029751280000, 0x0000029758550000]
CodeHeap 'profiled nmethods': size=120000Kb used=2554Kb max_used=2554Kb free=117445Kb
 bounds [0x0000029749ae0000, 0x0000029749d60000, 0x0000029751010000]
CodeHeap 'non-nmethods': size=5696Kb used=1347Kb max_used=1368Kb free=4348Kb
 bounds [0x0000029749550000, 0x00000297497c0000, 0x0000029749ae0000]
 total_blobs=2341 nmethods=1436 adapters=481
 compilation: enabled

Compilation events (10 events):
Event: 2.819 Thread 0x0000029765277000 1432       3       java.util.IdentityHashMap::maskNull (12 bytes)
Event: 2.820 Thread 0x0000029765277000 nmethod 1432 0x0000029749d5e190 code [0x0000029749d5e340, 0x0000029749d5e4d8]
Event: 2.820 Thread 0x0000029765277000 1433       3       java.util.IdentityHashMap::hash (18 bytes)
Event: 2.820 Thread 0x0000029765277000 nmethod 1433 0x0000029749d5e590 code [0x0000029749d5e740, 0x0000029749d5e8d0]
Event: 2.894 Thread 0x0000029765263800 1434       4       java.awt.Font::<init> (56 bytes)
Event: 2.895 Thread 0x0000029765272800 1435 %     4       main.gameclasses.ObjectHandler::tick @ 5 (36 bytes)
Event: 2.895 Thread 0x0000029765263800 nmethod 1434 0x00000297510a5690 code [0x00000297510a5820, 0x00000297510a59d8]
Event: 2.900 Thread 0x0000029765272800 nmethod 1435% 0x00000297510a5a90 code [0x00000297510a5c40, 0x00000297510a5f38]
Event: 2.900 Thread 0x0000029765263800 1437       4       main.gameclasses.GameMenu::render (39 bytes)
Event: 2.900 Thread 0x0000029765272800 1436       4       main.gameclasses.GameCore::render (175 bytes)

GC Heap History (2 events):
Event: 1.330 GC heap before
{Heap before GC invocations=0 (full 0):
 garbage-first heap   total 262144K, used 17408K [0x00000006c0a00000, 0x00000006c0b00800, 0x00000007c0000000)
  region size 1024K, 14 young (14336K), 0 survivors (0K)
 Metaspace       used 14004K, capacity 14928K, committed 15232K, reserved 1062912K
  class space    used 1452K, capacity 1663K, committed 1664K, reserved 1048576K
}
Event: 1.334 GC heap after
{Heap after GC invocations=1 (full 0):
 garbage-first heap   total 262144K, used 5679K [0x00000006c0a00000, 0x00000006c0b00800, 0x00000007c0000000)
  region size 1024K, 2 young (2048K), 2 survivors (2048K)
 Metaspace       used 14004K, capacity 14928K, committed 15232K, reserved 1062912K
  class space    used 1452K, capacity 1663K, committed 1664K, reserved 1048576K
}

Deoptimization events (8 events):
Event: 0.571 Thread 0x000002976cc9d000 Uncommon trap: reason=class_check action=maybe_recompile pc=0x000002975105c7d4 method=java.util.HashMap.putVal(ILjava/lang/Object;Ljava/lang/Object;ZZ)Ljava/lang/Object; @ 203 c2
Event: 0.571 Thread 0x000002976cc9d000 Uncommon trap: reason=class_check action=maybe_recompile pc=0x000002975105c7d4 method=java.util.HashMap.putVal(ILjava/lang/Object;Ljava/lang/Object;ZZ)Ljava/lang/Object; @ 203 c2
Event: 0.571 Thread 0x000002976cc9d000 Uncommon trap: reason=class_check action=maybe_recompile pc=0x000002975105c7d4 method=java.util.HashMap.putVal(ILjava/lang/Object;Ljava/lang/Object;ZZ)Ljava/lang/Object; @ 203 c2
Event: 1.265 Thread 0x000002973f450000 Uncommon trap: reason=unstable_if action=reinterpret pc=0x00000297510703dc method=java.util.HashMap.clear()V @ 23 c2
Event: 2.519 Thread 0x000002976cc9d000 Uncommon trap: reason=class_check action=maybe_recompile pc=0x0000029751093118 method=jdk.internal.misc.Unsafe.allocateUninitializedArray(Ljava/lang/Class;I)Ljava/lang/Object; @ 48 c2
Event: 2.519 Thread 0x000002976cc9d000 Uncommon trap: reason=class_check action=maybe_recompile pc=0x0000029751093118 method=jdk.internal.misc.Unsafe.allocateUninitializedArray(Ljava/lang/Class;I)Ljava/lang/Object; @ 48 c2
Event: 2.520 Thread 0x000002976cc9d000 Uncommon trap: reason=class_check action=maybe_recompile pc=0x0000029751093118 method=jdk.internal.misc.Unsafe.allocateUninitializedArray(Ljava/lang/Class;I)Ljava/lang/Object; @ 48 c2
Event: 2.520 Thread 0x000002976cc9d000 Uncommon trap: reason=class_check action=maybe_recompile pc=0x0000029751093118 method=jdk.internal.misc.Unsafe.allocateUninitializedArray(Ljava/lang/Class;I)Ljava/lang/Object; @ 48 c2

Classes redefined (0 events):
No events

Internal exceptions (10 events):
Event: 0.397 Thread 0x000002973f450000 Exception <a 'java/lang/ClassNotFoundException'{0x00000006d032bc58}: com/sun/swing/internal/plaf/metal/resources/spi/metalProvider> (0x00000006d032bc58) thrown at [c:/re/jdk9/6725/hotspot/src/share/vm/classfile/systemDictionary.cpp, line 218]
Event: 0.398 Thread 0x000002973f450000 Exception <a 'java/lang/ClassNotFoundException'{0x00000006d032ffe0}: com/sun/swing/internal/plaf/basic/resources/spi/basicProvider> (0x00000006d032ffe0) thrown at [c:/re/jdk9/6725/hotspot/src/share/vm/classfile/systemDictionary.cpp, line 218]
Event: 0.463 Thread 0x000002973f450000 Exception <a 'java/lang/NoSuchMethodError'{0x00000006d0168f28}: java.lang.invoke.DirectMethodHandle$Holder.invokeStatic(Ljava/lang/Object;Ljava/lang/Object;Ljava/lang/Object;Ljava/lang/Object;Ljava/lang/Object;Ljava/lang/Object;Ljava/lang/Object;Ljava/lan
Event: 0.464 Thread 0x000002973f450000 Exception <a 'java/lang/NoSuchMethodError'{0x00000006d01876c8}: java.lang.invoke.DirectMethodHandle$Holder.invokeStatic(Ljava/lang/Object;Ljava/lang/Object;Ljava/lang/Object;Ljava/lang/Object;Ljava/lang/Object;Ljava/lang/Object;Ljava/lang/Object;Ljava/lan
Event: 0.466 Thread 0x000002973f450000 Exception <a 'java/lang/NoSuchMethodError'{0x00000006d01a6de8}: java.lang.invoke.DirectMethodHandle$Holder.invokeStatic(Ljava/lang/Object;Ljava/lang/Object;Ljava/lang/Object;Ljava/lang/Object;Ljava/lang/Object;Ljava/lang/Object;Ljava/lang/Object;Ljava/lan
Event: 0.534 Thread 0x000002973f450000 Exception <a 'java/lang/NoSuchMethodError'{0x00000006d003f900}: java.lang.invoke.DirectMethodHandle$Holder.invokeStatic(Ljava/lang/Object;IIII)Ljava/lang/Object;> (0x00000006d003f900) thrown at [c:/re/jdk9/6725/hotspot/src/share/vm/interpreter/linkResolve
Event: 0.534 Thread 0x000002973f450000 Exception <a 'java/lang/NoSuchMethodError'{0x00000006d0042b50}: java.lang.invoke.DirectMethodHandle$Holder.invokeStaticInit(Ljava/lang/Object;IIII)Ljava/lang/Object;> (0x00000006d0042b50) thrown at [c:/re/jdk9/6725/hotspot/src/share/vm/interpreter/linkRes
Event: 0.540 Thread 0x000002976cc9d000 Exception <a 'java/lang/NoSuchMethodError'{0x00000006d00db500}: java.lang.invoke.DirectMethodHandle$Holder.invokeStatic(Ljava/lang/Object;Ljava/lang/Object;Ljava/lang/Object;Ljava/lang/Object;Ljava/lang/Object;Ljava/lang/Object;Ljava/lang/Object;Ljava/lan
Event: 1.225 Thread 0x000002973f450000 Exception <a 'java/lang/NoSuchMethodError'{0x00000006cff1ac70}: java.lang.invoke.DirectMethodHandle$Holder.invokeStatic(Ljava/lang/Object;Ljava/lang/Object;IIII)Ljava/lang/Object;> (0x00000006cff1ac70) thrown at [c:/re/jdk9/6725/hotspot/src/share/vm/inter
Event: 1.225 Thread 0x000002973f450000 Exception <a 'java/lang/NoSuchMethodError'{0x00000006cff1e128}: java.lang.invoke.DirectMethodHandle$Holder.invokeStaticInit(Ljava/lang/Object;Ljava/lang/Object;IIII)Ljava/lang/Object;> (0x00000006cff1e128) thrown at [c:/re/jdk9/6725/hotspot/src/share/vm/i

Events (10 events):
Event: 2.519 Thread 0x000002976cc9d000 DEOPT PACKING pc=0x0000029751093118 sp=0x000000f65cafe9b0
Event: 2.519 Thread 0x000002976cc9d000 DEOPT UNPACKING pc=0x000002974959dc29 sp=0x000000f65cafe938 mode 2
Event: 2.520 Thread 0x000002976cc9d000 Uncommon trap: trap_request=0xffffffde fr.pc=0x0000029751093118 relative=0x00000000000000f8
Event: 2.520 Thread 0x000002976cc9d000 DEOPT PACKING pc=0x0000029751093118 sp=0x000000f65cafe9b0
Event: 2.520 Thread 0x000002976cc9d000 DEOPT UNPACKING pc=0x000002974959dc29 sp=0x000000f65cafe938 mode 2
Event: 2.520 Thread 0x000002976cc9d000 Uncommon trap: trap_request=0xffffffde fr.pc=0x0000029751093118 relative=0x00000000000000f8
Event: 2.520 Thread 0x000002976cc9d000 DEOPT PACKING pc=0x0000029751093118 sp=0x000000f65cafe9b0
Event: 2.520 Thread 0x000002976cc9d000 DEOPT UNPACKING pc=0x000002974959dc29 sp=0x000000f65cafe938 mode 2
Event: 3.045 Thread 0x000002976cc9d000 DEOPT PACKING pc=0x0000029749d35d8b sp=0x000000f65caff0a0
Event: 3.045 Thread 0x000002976cc9d000 DEOPT UNPACKING pc=0x000002974959da3f sp=0x000000f65cafe598 mode 0


Dynamic libraries:
0x00007ff612e50000 - 0x00007ff612e8d000 	C:\Program Files\Java\jdk-9\bin\javaw.exe
0x00007ffb5ef60000 - 0x00007ffb5f150000 	C:\WINDOWS\SYSTEM32\ntdll.dll
0x00007ffb5d810000 - 0x00007ffb5d8c2000 	C:\WINDOWS\System32\KERNEL32.DLL
0x00007ffb5c840000 - 0x00007ffb5cae3000 	C:\WINDOWS\System32\KERNELBASE.dll
0x00007ffb5d470000 - 0x00007ffb5d603000 	C:\WINDOWS\System32\USER32.dll
0x00007ffb5cfe0000 - 0x00007ffb5d001000 	C:\WINDOWS\System32\win32u.dll
0x00007ffb5d9c0000 - 0x00007ffb5d9e6000 	C:\WINDOWS\System32\GDI32.dll
0x00007ffb5ccf0000 - 0x00007ffb5ce84000 	C:\WINDOWS\System32\gdi32full.dll
0x00007ffb5ce90000 - 0x00007ffb5cf2e000 	C:\WINDOWS\System32\msvcp_win.dll
0x00007ffb5c740000 - 0x00007ffb5c83a000 	C:\WINDOWS\System32\ucrtbase.dll
0x00007ffb4a160000 - 0x00007ffb4a3e5000 	C:\WINDOWS\WinSxS\amd64_microsoft.windows.common-controls_6595b64144ccf1df_6.0.18362.267_none_e6c5adbd130e444d\COMCTL32.dll
0x00007ffb5d6b0000 - 0x00007ffb5d74e000 	C:\WINDOWS\System32\msvcrt.dll
0x00007ffb5dd50000 - 0x00007ffb5e086000 	C:\WINDOWS\System32\combase.dll
0x00007ffb5d0e0000 - 0x00007ffb5d200000 	C:\WINDOWS\System32\RPCRT4.dll
0x00007ffb5bef0000 - 0x00007ffb5bf70000 	C:\WINDOWS\System32\bcryptPrimitives.dll
0x00007ffb5d280000 - 0x00007ffb5d2ae000 	C:\WINDOWS\System32\IMM32.DLL
0x00007ffb33a20000 - 0x00007ffb33b0f000 	C:\Program Files\Java\jdk-9\bin\msvcr120.dll
0x00007ffb35fb0000 - 0x00007ffb36056000 	C:\Program Files\Java\jdk-9\bin\msvcp120.dll
0x00000000694c0000 - 0x0000000069e6f000 	C:\Program Files\Java\jdk-9\bin\server\jvm.dll
0x00007ffb5d760000 - 0x00007ffb5d803000 	C:\WINDOWS\System32\ADVAPI32.dll
0x00007ffb5d610000 - 0x00007ffb5d6a7000 	C:\WINDOWS\System32\sechost.dll
0x00007ffb5d750000 - 0x00007ffb5d758000 	C:\WINDOWS\System32\PSAPI.DLL
0x00007ffb58710000 - 0x00007ffb58734000 	C:\WINDOWS\SYSTEM32\WINMM.dll
0x00007ffb249a0000 - 0x00007ffb249a9000 	C:\WINDOWS\SYSTEM32\WSOCK32.dll
0x00007ffb5d950000 - 0x00007ffb5d9bf000 	C:\WINDOWS\System32\WS2_32.dll
0x00007ffb556d0000 - 0x00007ffb556da000 	C:\WINDOWS\SYSTEM32\VERSION.dll
0x00007ffb586e0000 - 0x00007ffb5870d000 	C:\WINDOWS\SYSTEM32\WINMMBASE.dll
0x00007ffb5cf90000 - 0x00007ffb5cfda000 	C:\WINDOWS\System32\cfgmgr32.dll
0x00007ffb58040000 - 0x00007ffb5804f000 	C:\Program Files\Java\jdk-9\bin\verify.dll
0x00007ffb4eb20000 - 0x00007ffb4eb47000 	C:\Program Files\Java\jdk-9\bin\java.dll
0x00007ffb531b0000 - 0x00007ffb531c6000 	C:\Program Files\Java\jdk-9\bin\zip.dll
0x00007ffb51f80000 - 0x00007ffb51f8a000 	C:\Program Files\Java\jdk-9\bin\jimage.dll
0x00007ffb5e140000 - 0x00007ffb5e822000 	C:\WINDOWS\System32\SHELL32.dll
0x00007ffb5e090000 - 0x00007ffb5e139000 	C:\WINDOWS\System32\shcore.dll
0x00007ffb5bfa0000 - 0x00007ffb5c71c000 	C:\WINDOWS\System32\windows.storage.dll
0x00007ffb5bed0000 - 0x00007ffb5beef000 	C:\WINDOWS\System32\profapi.dll
0x00007ffb5be60000 - 0x00007ffb5beaa000 	C:\WINDOWS\System32\powrprof.dll
0x00007ffb5be30000 - 0x00007ffb5be40000 	C:\WINDOWS\System32\UMPDC.dll
0x00007ffb5d220000 - 0x00007ffb5d272000 	C:\WINDOWS\System32\shlwapi.dll
0x00007ffb5beb0000 - 0x00007ffb5bec1000 	C:\WINDOWS\System32\kernel.appcore.dll
0x00007ffb5c720000 - 0x00007ffb5c737000 	C:\WINDOWS\System32\cryptsp.dll
0x00007ffb51f20000 - 0x00007ffb51f3a000 	C:\Program Files\Java\jdk-9\bin\net.dll
0x00007ffb580a0000 - 0x00007ffb58190000 	C:\WINDOWS\SYSTEM32\WINHTTP.dll
0x00007ffb5b6a0000 - 0x00007ffb5b707000 	C:\WINDOWS\system32\mswsock.dll
0x00007ffb51e60000 - 0x00007ffb51e71000 	C:\Program Files\Java\jdk-9\bin\nio.dll
0x00007ffb33880000 - 0x00007ffb33a19000 	C:\Program Files\Java\jdk-9\bin\awt.dll
0x00007ffb5d010000 - 0x00007ffb5d0d4000 	C:\WINDOWS\System32\OLEAUT32.dll
0x00007ffb58810000 - 0x00007ffb58dd0000 	C:\WINDOWS\SYSTEM32\d2d1.dll
0x00007ffb59bf0000 - 0x00007ffb59c7f000 	C:\WINDOWS\SYSTEM32\apphelp.dll
0x00007ffb5a3c0000 - 0x00007ffb5a3ed000 	C:\WINDOWS\system32\DWMAPI.DLL
0x00007ffb59d30000 - 0x00007ffb59dc9000 	C:\WINDOWS\system32\uxtheme.dll
0x00007ffb37f40000 - 0x00007ffb3808f000 	C:\WINDOWS\system32\opengl32.dll
0x00007ffb51cb0000 - 0x00007ffb51cdc000 	C:\WINDOWS\SYSTEM32\GLU32.dll
0x00007ffb5aaa0000 - 0x00007ffb5aac0000 	C:\WINDOWS\SYSTEM32\dxcore.dll
0x00007ffb5d330000 - 0x00007ffb5d467000 	C:\WINDOWS\System32\MSCTF.dll
0x00007ffb5edc0000 - 0x00007ffb5ef16000 	C:\WINDOWS\System32\ole32.dll
0x00007ffb3d090000 - 0x00007ffb3d256000 	C:\WINDOWS\system32\d3d9.dll
0x00007ffb553d0000 - 0x00007ffb555ad000 	C:\WINDOWS\System32\DriverStore\FileRepository\c0344035.inf_amd64_2f25d95c250a5c18\B344048\aticfx64.dll
0x00007ffb54ca0000 - 0x00007ffb54cd0000 	C:\WINDOWS\System32\DriverStore\FileRepository\c0344035.inf_amd64_2f25d95c250a5c18\B344048\atiu9p64.dll
0x00007ffb4d690000 - 0x00007ffb4e35e000 	C:\WINDOWS\System32\DriverStore\FileRepository\c0344035.inf_amd64_2f25d95c250a5c18\B344048\atiumd64.dll
0x00007ffb52d30000 - 0x00007ffb52f24000 	C:\WINDOWS\SYSTEM32\dbghelp.dll
0x00007ffb52d00000 - 0x00007ffb52d2a000 	C:\WINDOWS\SYSTEM32\dbgcore.DLL
0x000000006a190000 - 0x000000006af24000 	C:\WINDOWS\System32\DriverStore\FileRepository\c0344035.inf_amd64_2f25d95c250a5c18\B344048\atiumd6a.dll
0x00007ffb53390000 - 0x00007ffb533b5000 	C:\WINDOWS\SYSTEM32\amdihk64.dll
0x000000000f000000 - 0x000000000f006000 	C:\WINDOWS\SYSTEM32\detoured.dll
0x00007ffb337d0000 - 0x00007ffb33873000 	C:\Program Files\Java\jdk-9\bin\freetype.dll
0x00007ffb32210000 - 0x00007ffb32332000 	C:\Program Files\Java\jdk-9\bin\fontmanager.dll
0x00007ffb51860000 - 0x00007ffb518fe000 	C:\WINDOWS\System32\TextInputFramework.dll
0x00007ffb599e0000 - 0x00007ffb59ab4000 	C:\WINDOWS\System32\CoreMessaging.dll
0x00007ffb576d0000 - 0x00007ffb579fa000 	C:\WINDOWS\System32\CoreUIComponents.dll
0x00007ffb5ae90000 - 0x00007ffb5aec1000 	C:\WINDOWS\SYSTEM32\ntmarta.dll
0x00007ffb57460000 - 0x00007ffb575b3000 	C:\WINDOWS\SYSTEM32\wintypes.dll
0x00007ffb5b210000 - 0x00007ffb5b243000 	C:\WINDOWS\system32\rsaenh.dll
0x00007ffb5bf70000 - 0x00007ffb5bf96000 	C:\WINDOWS\System32\bcrypt.dll
0x00007ffb5bd50000 - 0x00007ffb5bd75000 	C:\WINDOWS\SYSTEM32\USERENV.dll
0x00007ffb5b870000 - 0x00007ffb5b87c000 	C:\WINDOWS\SYSTEM32\CRYPTBASE.dll
0x00007ffb50450000 - 0x00007ffb506f6000 	C:\WINDOWS\System32\iertutil.dll
0x00007ffb5b3b0000 - 0x00007ffb5b3ea000 	C:\WINDOWS\SYSTEM32\IPHLPAPI.DLL
0x00007ffb5e830000 - 0x00007ffb5e838000 	C:\WINDOWS\System32\NSI.dll
0x00007ffb558d0000 - 0x00007ffb558e6000 	C:\WINDOWS\SYSTEM32\dhcpcsvc6.DLL
0x00007ffb561b0000 - 0x00007ffb561cc000 	C:\WINDOWS\SYSTEM32\dhcpcsvc.DLL
0x00007ffb5b3f0000 - 0x00007ffb5b4ba000 	C:\WINDOWS\SYSTEM32\DNSAPI.dll
0x00007ffb4a520000 - 0x00007ffb4a54a000 	C:\Program Files\Java\jdk-9\bin\javajpeg.dll

VM Arguments:
jvm_args: -Dfile.encoding=Cp1252 
java_command: main.gameclasses.GameCore
java_class_path (initial): D:\Users\Chuks Nwakanma\eclipse-workspace\TopDownGame\bin;D:\Users\Chuks Nwakanma\eclipse-workspace\TopDownGame\ResFiles
Launcher Type: SUN_STANDARD

Logging:
Log output configuration:
#0: stdout all=warning uptime,level,tags
#1: stderr all=off uptime,level,tags

Environment Variables:
JAVA_HOME=C:\Program Files\Java\jdk-9
PATH=C:/Program Files/Java/jdk-9/bin/server;C:/Program Files/Java/jdk-9/bin;C:\Program Files\Java\jdk-9\bin;C:\Program Files (x86)\Common Files\Oracle\Java\javapath;C:\WINDOWS\system32;C:\WINDOWS;C:\WINDOWS\System32\Wbem;C:\WINDOWS\System32\WindowsPowerShell\v1.0\;C:\WINDOWS\System32\OpenSSH\;D:\Users\Chuks Nwakanma\AppData\Local\Programs\Python\Python37-32\Scripts\;D:\Users\Chuks Nwakanma\AppData\Local\Programs\Python\Python37-32\;D:\Users\Chuks Nwakanma\AppData\Local\Microsoft\WindowsApps;D:\Users\Chuks Nwakanma\AppData\Local\GitHubDesktop\bin;%USERPROFILE%\AppData\Local\Microsoft\WindowsApps;;D:\Users\Chuks Nwakanma\Desktop;
USERNAME=Chuks Nwakanma
OS=Windows_NT
PROCESSOR_IDENTIFIER=Intel64 Family 6 Model 158 Stepping 9, GenuineIntel



---------------  S Y S T E M  ---------------

OS: Windows 10 , 64 bit Build 18362 (10.0.18362.86)

CPU:total 4 (initial active 4) (2 cores per cpu, 2 threads per core) family 6 model 158 stepping 9, cmov, cx8, fxsr, mmx, sse, sse2, sse3, ssse3, sse4.1, sse4.2, popcnt, avx, avx2, clmul, erms, 3dnowpref, lzcnt, ht, tsc, tscinvbit, bmi1, bmi2, adx, fma

Memory: 4k page, physical 16732564k(8703308k free), swap 47178640k(6044k free)

vm_info: OpenJDK 64-Bit Server VM (9+181) for windows-amd64 JRE (9+181), built on Aug  2 2017 21:47:27 by "javare" with MS VC++ 12.0 (VS2013)

END.
